[2026-03-03T22:17:33.101+0000] {processor.py:161} INFO - Started process (PID=29) to work on /opt/airflow/dags/flight-pipeline.py
[2026-03-03T22:17:33.103+0000] {processor.py:830} INFO - Processing file /opt/airflow/dags/flight-pipeline.py for tasks to queue
[2026-03-03T22:17:33.104+0000] {logging_mixin.py:188} INFO - [2026-03-03T22:17:33.104+0000] {dagbag.py:545} INFO - Filling up the DagBag from /opt/airflow/dags/flight-pipeline.py
[2026-03-03T22:17:34.648+0000] {processor.py:840} INFO - DAG(s) 'flights_ops_medallion_pipe' retrieved from /opt/airflow/dags/flight-pipeline.py
[2026-03-03T22:17:34.713+0000] {logging_mixin.py:188} INFO - [2026-03-03T22:17:34.713+0000] {dag.py:3089} INFO - Sync 1 DAGs
[2026-03-03T22:17:34.750+0000] {logging_mixin.py:188} INFO - [2026-03-03T22:17:34.750+0000] {dag.py:3947} INFO - Setting next_dagrun for flights_ops_medallion_pipe to 2026-03-03 21:30:00+00:00, run_after=2026-03-03 22:00:00+00:00
[2026-03-03T22:17:34.775+0000] {processor.py:183} INFO - Processing /opt/airflow/dags/flight-pipeline.py took 1.685 seconds
[2026-03-03T22:18:05.038+0000] {processor.py:161} INFO - Started process (PID=92) to work on /opt/airflow/dags/flight-pipeline.py
[2026-03-03T22:18:05.040+0000] {processor.py:830} INFO - Processing file /opt/airflow/dags/flight-pipeline.py for tasks to queue
[2026-03-03T22:18:05.043+0000] {logging_mixin.py:188} INFO - [2026-03-03T22:18:05.042+0000] {dagbag.py:545} INFO - Filling up the DagBag from /opt/airflow/dags/flight-pipeline.py
[2026-03-03T22:18:06.170+0000] {processor.py:840} INFO - DAG(s) 'flights_ops_medallion_pipe' retrieved from /opt/airflow/dags/flight-pipeline.py
[2026-03-03T22:18:06.211+0000] {logging_mixin.py:188} INFO - [2026-03-03T22:18:06.210+0000] {dag.py:3089} INFO - Sync 1 DAGs
[2026-03-03T22:18:06.240+0000] {logging_mixin.py:188} INFO - [2026-03-03T22:18:06.240+0000] {dag.py:3947} INFO - Setting next_dagrun for flights_ops_medallion_pipe to 2026-03-03 21:30:00+00:00, run_after=2026-03-03 22:00:00+00:00
[2026-03-03T22:18:06.265+0000] {processor.py:183} INFO - Processing /opt/airflow/dags/flight-pipeline.py took 1.236 seconds
[2026-03-03T22:18:36.444+0000] {processor.py:161} INFO - Started process (PID=95) to work on /opt/airflow/dags/flight-pipeline.py
[2026-03-03T22:18:36.445+0000] {processor.py:830} INFO - Processing file /opt/airflow/dags/flight-pipeline.py for tasks to queue
[2026-03-03T22:18:36.447+0000] {logging_mixin.py:188} INFO - [2026-03-03T22:18:36.447+0000] {dagbag.py:545} INFO - Filling up the DagBag from /opt/airflow/dags/flight-pipeline.py
[2026-03-03T22:18:37.193+0000] {processor.py:840} INFO - DAG(s) 'flights_ops_medallion_pipe' retrieved from /opt/airflow/dags/flight-pipeline.py
[2026-03-03T22:18:37.232+0000] {logging_mixin.py:188} INFO - [2026-03-03T22:18:37.231+0000] {dag.py:3089} INFO - Sync 1 DAGs
[2026-03-03T22:18:37.259+0000] {logging_mixin.py:188} INFO - [2026-03-03T22:18:37.258+0000] {dag.py:3947} INFO - Setting next_dagrun for flights_ops_medallion_pipe to 2026-03-03 21:30:00+00:00, run_after=2026-03-03 22:00:00+00:00
[2026-03-03T22:18:37.278+0000] {processor.py:183} INFO - Processing /opt/airflow/dags/flight-pipeline.py took 0.842 seconds
[2026-03-03T22:19:07.425+0000] {processor.py:161} INFO - Started process (PID=98) to work on /opt/airflow/dags/flight-pipeline.py
[2026-03-03T22:19:07.427+0000] {processor.py:830} INFO - Processing file /opt/airflow/dags/flight-pipeline.py for tasks to queue
[2026-03-03T22:19:07.429+0000] {logging_mixin.py:188} INFO - [2026-03-03T22:19:07.429+0000] {dagbag.py:545} INFO - Filling up the DagBag from /opt/airflow/dags/flight-pipeline.py
[2026-03-03T22:19:08.239+0000] {processor.py:840} INFO - DAG(s) 'flights_ops_medallion_pipe' retrieved from /opt/airflow/dags/flight-pipeline.py
[2026-03-03T22:19:08.279+0000] {logging_mixin.py:188} INFO - [2026-03-03T22:19:08.278+0000] {dag.py:3089} INFO - Sync 1 DAGs
[2026-03-03T22:19:08.306+0000] {logging_mixin.py:188} INFO - [2026-03-03T22:19:08.305+0000] {dag.py:3947} INFO - Setting next_dagrun for flights_ops_medallion_pipe to 2026-03-03 21:30:00+00:00, run_after=2026-03-03 22:00:00+00:00
[2026-03-03T22:19:08.327+0000] {processor.py:183} INFO - Processing /opt/airflow/dags/flight-pipeline.py took 0.909 seconds
[2026-03-03T22:19:38.580+0000] {processor.py:161} INFO - Started process (PID=161) to work on /opt/airflow/dags/flight-pipeline.py
[2026-03-03T22:19:38.581+0000] {processor.py:830} INFO - Processing file /opt/airflow/dags/flight-pipeline.py for tasks to queue
[2026-03-03T22:19:38.583+0000] {logging_mixin.py:188} INFO - [2026-03-03T22:19:38.583+0000] {dagbag.py:545} INFO - Filling up the DagBag from /opt/airflow/dags/flight-pipeline.py
[2026-03-03T22:19:39.310+0000] {processor.py:840} INFO - DAG(s) 'flights_ops_medallion_pipe' retrieved from /opt/airflow/dags/flight-pipeline.py
[2026-03-03T22:19:39.341+0000] {logging_mixin.py:188} INFO - [2026-03-03T22:19:39.341+0000] {dag.py:3089} INFO - Sync 1 DAGs
[2026-03-03T22:19:39.366+0000] {logging_mixin.py:188} INFO - [2026-03-03T22:19:39.365+0000] {dag.py:3947} INFO - Setting next_dagrun for flights_ops_medallion_pipe to 2026-03-03 22:00:00+00:00, run_after=2026-03-03 22:30:00+00:00
[2026-03-03T22:19:39.383+0000] {processor.py:183} INFO - Processing /opt/airflow/dags/flight-pipeline.py took 0.812 seconds
[2026-03-03T22:20:09.578+0000] {processor.py:161} INFO - Started process (PID=164) to work on /opt/airflow/dags/flight-pipeline.py
[2026-03-03T22:20:09.580+0000] {processor.py:830} INFO - Processing file /opt/airflow/dags/flight-pipeline.py for tasks to queue
[2026-03-03T22:20:09.582+0000] {logging_mixin.py:188} INFO - [2026-03-03T22:20:09.582+0000] {dagbag.py:545} INFO - Filling up the DagBag from /opt/airflow/dags/flight-pipeline.py
[2026-03-03T22:20:10.263+0000] {processor.py:840} INFO - DAG(s) 'flights_ops_medallion_pipe' retrieved from /opt/airflow/dags/flight-pipeline.py
[2026-03-03T22:20:10.297+0000] {logging_mixin.py:188} INFO - [2026-03-03T22:20:10.296+0000] {dag.py:3089} INFO - Sync 1 DAGs
[2026-03-03T22:20:10.323+0000] {logging_mixin.py:188} INFO - [2026-03-03T22:20:10.322+0000] {dag.py:3947} INFO - Setting next_dagrun for flights_ops_medallion_pipe to 2026-03-03 22:00:00+00:00, run_after=2026-03-03 22:30:00+00:00
[2026-03-03T22:20:10.342+0000] {processor.py:183} INFO - Processing /opt/airflow/dags/flight-pipeline.py took 0.771 seconds
[2026-03-03T22:20:40.548+0000] {processor.py:161} INFO - Started process (PID=167) to work on /opt/airflow/dags/flight-pipeline.py
[2026-03-03T22:20:40.549+0000] {processor.py:830} INFO - Processing file /opt/airflow/dags/flight-pipeline.py for tasks to queue
[2026-03-03T22:20:40.552+0000] {logging_mixin.py:188} INFO - [2026-03-03T22:20:40.551+0000] {dagbag.py:545} INFO - Filling up the DagBag from /opt/airflow/dags/flight-pipeline.py
[2026-03-03T22:20:41.238+0000] {processor.py:840} INFO - DAG(s) 'flights_ops_medallion_pipe' retrieved from /opt/airflow/dags/flight-pipeline.py
[2026-03-03T22:20:41.271+0000] {logging_mixin.py:188} INFO - [2026-03-03T22:20:41.269+0000] {dag.py:3089} INFO - Sync 1 DAGs
[2026-03-03T22:20:41.293+0000] {logging_mixin.py:188} INFO - [2026-03-03T22:20:41.293+0000] {dag.py:3947} INFO - Setting next_dagrun for flights_ops_medallion_pipe to 2026-03-03 22:00:00+00:00, run_after=2026-03-03 22:30:00+00:00
[2026-03-03T22:20:41.310+0000] {processor.py:183} INFO - Processing /opt/airflow/dags/flight-pipeline.py took 0.770 seconds
[2026-03-03T22:21:11.555+0000] {processor.py:161} INFO - Started process (PID=215) to work on /opt/airflow/dags/flight-pipeline.py
[2026-03-03T22:21:11.556+0000] {processor.py:830} INFO - Processing file /opt/airflow/dags/flight-pipeline.py for tasks to queue
[2026-03-03T22:21:11.559+0000] {logging_mixin.py:188} INFO - [2026-03-03T22:21:11.558+0000] {dagbag.py:545} INFO - Filling up the DagBag from /opt/airflow/dags/flight-pipeline.py
[2026-03-03T22:21:12.453+0000] {processor.py:840} INFO - DAG(s) 'flights_ops_medallion_pipe' retrieved from /opt/airflow/dags/flight-pipeline.py
[2026-03-03T22:21:12.492+0000] {logging_mixin.py:188} INFO - [2026-03-03T22:21:12.491+0000] {dag.py:3089} INFO - Sync 1 DAGs
[2026-03-03T22:21:12.521+0000] {logging_mixin.py:188} INFO - [2026-03-03T22:21:12.521+0000] {dag.py:3947} INFO - Setting next_dagrun for flights_ops_medallion_pipe to 2026-03-03 22:00:00+00:00, run_after=2026-03-03 22:30:00+00:00
[2026-03-03T22:21:12.541+0000] {processor.py:183} INFO - Processing /opt/airflow/dags/flight-pipeline.py took 0.995 seconds
[2026-03-03T22:21:42.749+0000] {processor.py:161} INFO - Started process (PID=218) to work on /opt/airflow/dags/flight-pipeline.py
[2026-03-03T22:21:42.750+0000] {processor.py:830} INFO - Processing file /opt/airflow/dags/flight-pipeline.py for tasks to queue
[2026-03-03T22:21:42.752+0000] {logging_mixin.py:188} INFO - [2026-03-03T22:21:42.752+0000] {dagbag.py:545} INFO - Filling up the DagBag from /opt/airflow/dags/flight-pipeline.py
[2026-03-03T22:21:43.401+0000] {processor.py:840} INFO - DAG(s) 'flights_ops_medallion_pipe' retrieved from /opt/airflow/dags/flight-pipeline.py
[2026-03-03T22:21:43.437+0000] {logging_mixin.py:188} INFO - [2026-03-03T22:21:43.436+0000] {dag.py:3089} INFO - Sync 1 DAGs
[2026-03-03T22:21:43.461+0000] {logging_mixin.py:188} INFO - [2026-03-03T22:21:43.461+0000] {dag.py:3947} INFO - Setting next_dagrun for flights_ops_medallion_pipe to 2026-03-03 22:00:00+00:00, run_after=2026-03-03 22:30:00+00:00
[2026-03-03T22:21:43.478+0000] {processor.py:183} INFO - Processing /opt/airflow/dags/flight-pipeline.py took 0.737 seconds
[2026-03-03T22:22:14.121+0000] {processor.py:161} INFO - Started process (PID=221) to work on /opt/airflow/dags/flight-pipeline.py
[2026-03-03T22:22:14.125+0000] {processor.py:830} INFO - Processing file /opt/airflow/dags/flight-pipeline.py for tasks to queue
[2026-03-03T22:22:14.130+0000] {logging_mixin.py:188} INFO - [2026-03-03T22:22:14.129+0000] {dagbag.py:545} INFO - Filling up the DagBag from /opt/airflow/dags/flight-pipeline.py
[2026-03-03T22:22:15.206+0000] {processor.py:840} INFO - DAG(s) 'flights_ops_medallion_pipe' retrieved from /opt/airflow/dags/flight-pipeline.py
[2026-03-03T22:22:15.242+0000] {logging_mixin.py:188} INFO - [2026-03-03T22:22:15.241+0000] {dag.py:3089} INFO - Sync 1 DAGs
[2026-03-03T22:22:15.269+0000] {logging_mixin.py:188} INFO - [2026-03-03T22:22:15.269+0000] {dag.py:3947} INFO - Setting next_dagrun for flights_ops_medallion_pipe to 2026-03-03 22:00:00+00:00, run_after=2026-03-03 22:30:00+00:00
[2026-03-03T22:22:15.290+0000] {processor.py:183} INFO - Processing /opt/airflow/dags/flight-pipeline.py took 1.303 seconds
[2026-03-03T22:22:45.477+0000] {processor.py:161} INFO - Started process (PID=254) to work on /opt/airflow/dags/flight-pipeline.py
[2026-03-03T22:22:45.478+0000] {processor.py:830} INFO - Processing file /opt/airflow/dags/flight-pipeline.py for tasks to queue
[2026-03-03T22:22:45.480+0000] {logging_mixin.py:188} INFO - [2026-03-03T22:22:45.480+0000] {dagbag.py:545} INFO - Filling up the DagBag from /opt/airflow/dags/flight-pipeline.py
[2026-03-03T22:22:46.169+0000] {processor.py:840} INFO - DAG(s) 'flights_ops_medallion_pipe' retrieved from /opt/airflow/dags/flight-pipeline.py
[2026-03-03T22:22:46.200+0000] {logging_mixin.py:188} INFO - [2026-03-03T22:22:46.200+0000] {dag.py:3089} INFO - Sync 1 DAGs
[2026-03-03T22:22:46.224+0000] {logging_mixin.py:188} INFO - [2026-03-03T22:22:46.224+0000] {dag.py:3947} INFO - Setting next_dagrun for flights_ops_medallion_pipe to 2026-03-03 22:00:00+00:00, run_after=2026-03-03 22:30:00+00:00
[2026-03-03T22:22:46.242+0000] {processor.py:183} INFO - Processing /opt/airflow/dags/flight-pipeline.py took 0.772 seconds
[2026-03-03T22:23:16.448+0000] {processor.py:161} INFO - Started process (PID=257) to work on /opt/airflow/dags/flight-pipeline.py
[2026-03-03T22:23:16.449+0000] {processor.py:830} INFO - Processing file /opt/airflow/dags/flight-pipeline.py for tasks to queue
[2026-03-03T22:23:16.452+0000] {logging_mixin.py:188} INFO - [2026-03-03T22:23:16.451+0000] {dagbag.py:545} INFO - Filling up the DagBag from /opt/airflow/dags/flight-pipeline.py
[2026-03-03T22:23:17.098+0000] {processor.py:840} INFO - DAG(s) 'flights_ops_medallion_pipe' retrieved from /opt/airflow/dags/flight-pipeline.py
[2026-03-03T22:23:17.129+0000] {logging_mixin.py:188} INFO - [2026-03-03T22:23:17.129+0000] {dag.py:3089} INFO - Sync 1 DAGs
[2026-03-03T22:23:17.152+0000] {logging_mixin.py:188} INFO - [2026-03-03T22:23:17.152+0000] {dag.py:3947} INFO - Setting next_dagrun for flights_ops_medallion_pipe to 2026-03-03 22:00:00+00:00, run_after=2026-03-03 22:30:00+00:00
[2026-03-03T22:23:17.170+0000] {processor.py:183} INFO - Processing /opt/airflow/dags/flight-pipeline.py took 0.730 seconds
[2026-03-03T22:23:47.363+0000] {processor.py:161} INFO - Started process (PID=275) to work on /opt/airflow/dags/flight-pipeline.py
[2026-03-03T22:23:47.364+0000] {processor.py:830} INFO - Processing file /opt/airflow/dags/flight-pipeline.py for tasks to queue
[2026-03-03T22:23:47.367+0000] {logging_mixin.py:188} INFO - [2026-03-03T22:23:47.366+0000] {dagbag.py:545} INFO - Filling up the DagBag from /opt/airflow/dags/flight-pipeline.py
[2026-03-03T22:23:48.052+0000] {processor.py:840} INFO - DAG(s) 'flights_ops_medallion_pipe' retrieved from /opt/airflow/dags/flight-pipeline.py
[2026-03-03T22:23:48.083+0000] {logging_mixin.py:188} INFO - [2026-03-03T22:23:48.081+0000] {dag.py:3089} INFO - Sync 1 DAGs
[2026-03-03T22:23:48.104+0000] {logging_mixin.py:188} INFO - [2026-03-03T22:23:48.104+0000] {dag.py:3947} INFO - Setting next_dagrun for flights_ops_medallion_pipe to 2026-03-03 22:00:00+00:00, run_after=2026-03-03 22:30:00+00:00
[2026-03-03T22:23:48.122+0000] {processor.py:183} INFO - Processing /opt/airflow/dags/flight-pipeline.py took 0.766 seconds
[2026-03-03T22:24:18.368+0000] {processor.py:161} INFO - Started process (PID=278) to work on /opt/airflow/dags/flight-pipeline.py
[2026-03-03T22:24:18.369+0000] {processor.py:830} INFO - Processing file /opt/airflow/dags/flight-pipeline.py for tasks to queue
[2026-03-03T22:24:18.371+0000] {logging_mixin.py:188} INFO - [2026-03-03T22:24:18.371+0000] {dagbag.py:545} INFO - Filling up the DagBag from /opt/airflow/dags/flight-pipeline.py
[2026-03-03T22:24:19.214+0000] {processor.py:840} INFO - DAG(s) 'flights_ops_medallion_pipe' retrieved from /opt/airflow/dags/flight-pipeline.py
[2026-03-03T22:24:19.248+0000] {logging_mixin.py:188} INFO - [2026-03-03T22:24:19.247+0000] {dag.py:3089} INFO - Sync 1 DAGs
[2026-03-03T22:24:19.271+0000] {logging_mixin.py:188} INFO - [2026-03-03T22:24:19.271+0000] {dag.py:3947} INFO - Setting next_dagrun for flights_ops_medallion_pipe to 2026-03-03 22:00:00+00:00, run_after=2026-03-03 22:30:00+00:00
[2026-03-03T22:24:19.292+0000] {processor.py:183} INFO - Processing /opt/airflow/dags/flight-pipeline.py took 0.932 seconds
[2026-03-03T22:24:49.494+0000] {processor.py:161} INFO - Started process (PID=281) to work on /opt/airflow/dags/flight-pipeline.py
[2026-03-03T22:24:49.495+0000] {processor.py:830} INFO - Processing file /opt/airflow/dags/flight-pipeline.py for tasks to queue
[2026-03-03T22:24:49.497+0000] {logging_mixin.py:188} INFO - [2026-03-03T22:24:49.497+0000] {dagbag.py:545} INFO - Filling up the DagBag from /opt/airflow/dags/flight-pipeline.py
[2026-03-03T22:24:50.215+0000] {processor.py:840} INFO - DAG(s) 'flights_ops_medallion_pipe' retrieved from /opt/airflow/dags/flight-pipeline.py
[2026-03-03T22:24:50.249+0000] {logging_mixin.py:188} INFO - [2026-03-03T22:24:50.248+0000] {dag.py:3089} INFO - Sync 1 DAGs
[2026-03-03T22:24:50.276+0000] {logging_mixin.py:188} INFO - [2026-03-03T22:24:50.276+0000] {dag.py:3947} INFO - Setting next_dagrun for flights_ops_medallion_pipe to 2026-03-03 22:00:00+00:00, run_after=2026-03-03 22:30:00+00:00
[2026-03-03T22:24:50.299+0000] {processor.py:183} INFO - Processing /opt/airflow/dags/flight-pipeline.py took 0.813 seconds
[2026-03-03T22:25:20.398+0000] {processor.py:161} INFO - Started process (PID=284) to work on /opt/airflow/dags/flight-pipeline.py
[2026-03-03T22:25:20.399+0000] {processor.py:830} INFO - Processing file /opt/airflow/dags/flight-pipeline.py for tasks to queue
[2026-03-03T22:25:20.402+0000] {logging_mixin.py:188} INFO - [2026-03-03T22:25:20.402+0000] {dagbag.py:545} INFO - Filling up the DagBag from /opt/airflow/dags/flight-pipeline.py
[2026-03-03T22:25:21.128+0000] {processor.py:840} INFO - DAG(s) 'flights_ops_medallion_pipe' retrieved from /opt/airflow/dags/flight-pipeline.py
[2026-03-03T22:25:21.160+0000] {logging_mixin.py:188} INFO - [2026-03-03T22:25:21.160+0000] {dag.py:3089} INFO - Sync 1 DAGs
[2026-03-03T22:25:21.184+0000] {logging_mixin.py:188} INFO - [2026-03-03T22:25:21.184+0000] {dag.py:3947} INFO - Setting next_dagrun for flights_ops_medallion_pipe to 2026-03-03 22:00:00+00:00, run_after=2026-03-03 22:30:00+00:00
[2026-03-03T22:25:21.202+0000] {processor.py:183} INFO - Processing /opt/airflow/dags/flight-pipeline.py took 0.812 seconds
[2026-03-03T22:25:51.406+0000] {processor.py:161} INFO - Started process (PID=287) to work on /opt/airflow/dags/flight-pipeline.py
[2026-03-03T22:25:51.407+0000] {processor.py:830} INFO - Processing file /opt/airflow/dags/flight-pipeline.py for tasks to queue
[2026-03-03T22:25:51.409+0000] {logging_mixin.py:188} INFO - [2026-03-03T22:25:51.409+0000] {dagbag.py:545} INFO - Filling up the DagBag from /opt/airflow/dags/flight-pipeline.py
[2026-03-03T22:25:52.069+0000] {processor.py:840} INFO - DAG(s) 'flights_ops_medallion_pipe' retrieved from /opt/airflow/dags/flight-pipeline.py
[2026-03-03T22:25:52.101+0000] {logging_mixin.py:188} INFO - [2026-03-03T22:25:52.100+0000] {dag.py:3089} INFO - Sync 1 DAGs
[2026-03-03T22:25:52.124+0000] {logging_mixin.py:188} INFO - [2026-03-03T22:25:52.124+0000] {dag.py:3947} INFO - Setting next_dagrun for flights_ops_medallion_pipe to 2026-03-03 22:00:00+00:00, run_after=2026-03-03 22:30:00+00:00
[2026-03-03T22:25:52.143+0000] {processor.py:183} INFO - Processing /opt/airflow/dags/flight-pipeline.py took 0.744 seconds
[2026-03-03T22:26:22.362+0000] {processor.py:161} INFO - Started process (PID=290) to work on /opt/airflow/dags/flight-pipeline.py
[2026-03-03T22:26:22.363+0000] {processor.py:830} INFO - Processing file /opt/airflow/dags/flight-pipeline.py for tasks to queue
[2026-03-03T22:26:22.366+0000] {logging_mixin.py:188} INFO - [2026-03-03T22:26:22.365+0000] {dagbag.py:545} INFO - Filling up the DagBag from /opt/airflow/dags/flight-pipeline.py
[2026-03-03T22:26:23.309+0000] {processor.py:840} INFO - DAG(s) 'flights_ops_medallion_pipe' retrieved from /opt/airflow/dags/flight-pipeline.py
[2026-03-03T22:26:23.342+0000] {logging_mixin.py:188} INFO - [2026-03-03T22:26:23.342+0000] {dag.py:3089} INFO - Sync 1 DAGs
[2026-03-03T22:26:23.370+0000] {logging_mixin.py:188} INFO - [2026-03-03T22:26:23.370+0000] {dag.py:3947} INFO - Setting next_dagrun for flights_ops_medallion_pipe to 2026-03-03 22:00:00+00:00, run_after=2026-03-03 22:30:00+00:00
[2026-03-03T22:26:23.390+0000] {processor.py:183} INFO - Processing /opt/airflow/dags/flight-pipeline.py took 1.037 seconds
[2026-03-03T22:26:53.552+0000] {processor.py:161} INFO - Started process (PID=293) to work on /opt/airflow/dags/flight-pipeline.py
[2026-03-03T22:26:53.553+0000] {processor.py:830} INFO - Processing file /opt/airflow/dags/flight-pipeline.py for tasks to queue
[2026-03-03T22:26:53.556+0000] {logging_mixin.py:188} INFO - [2026-03-03T22:26:53.556+0000] {dagbag.py:545} INFO - Filling up the DagBag from /opt/airflow/dags/flight-pipeline.py
[2026-03-03T22:26:54.333+0000] {processor.py:840} INFO - DAG(s) 'flights_ops_medallion_pipe' retrieved from /opt/airflow/dags/flight-pipeline.py
[2026-03-03T22:26:54.365+0000] {logging_mixin.py:188} INFO - [2026-03-03T22:26:54.363+0000] {dag.py:3089} INFO - Sync 1 DAGs
[2026-03-03T22:26:54.388+0000] {logging_mixin.py:188} INFO - [2026-03-03T22:26:54.388+0000] {dag.py:3947} INFO - Setting next_dagrun for flights_ops_medallion_pipe to 2026-03-03 22:00:00+00:00, run_after=2026-03-03 22:30:00+00:00
[2026-03-03T22:26:54.407+0000] {processor.py:183} INFO - Processing /opt/airflow/dags/flight-pipeline.py took 0.862 seconds
[2026-03-03T22:27:24.608+0000] {processor.py:161} INFO - Started process (PID=296) to work on /opt/airflow/dags/flight-pipeline.py
[2026-03-03T22:27:24.609+0000] {processor.py:830} INFO - Processing file /opt/airflow/dags/flight-pipeline.py for tasks to queue
[2026-03-03T22:27:24.612+0000] {logging_mixin.py:188} INFO - [2026-03-03T22:27:24.611+0000] {dagbag.py:545} INFO - Filling up the DagBag from /opt/airflow/dags/flight-pipeline.py
[2026-03-03T22:27:25.268+0000] {processor.py:840} INFO - DAG(s) 'flights_ops_medallion_pipe' retrieved from /opt/airflow/dags/flight-pipeline.py
[2026-03-03T22:27:25.300+0000] {logging_mixin.py:188} INFO - [2026-03-03T22:27:25.300+0000] {dag.py:3089} INFO - Sync 1 DAGs
[2026-03-03T22:27:25.322+0000] {logging_mixin.py:188} INFO - [2026-03-03T22:27:25.322+0000] {dag.py:3947} INFO - Setting next_dagrun for flights_ops_medallion_pipe to 2026-03-03 22:00:00+00:00, run_after=2026-03-03 22:30:00+00:00
[2026-03-03T22:27:25.340+0000] {processor.py:183} INFO - Processing /opt/airflow/dags/flight-pipeline.py took 0.740 seconds
[2026-03-03T22:27:55.569+0000] {processor.py:161} INFO - Started process (PID=299) to work on /opt/airflow/dags/flight-pipeline.py
[2026-03-03T22:27:55.570+0000] {processor.py:830} INFO - Processing file /opt/airflow/dags/flight-pipeline.py for tasks to queue
[2026-03-03T22:27:55.573+0000] {logging_mixin.py:188} INFO - [2026-03-03T22:27:55.572+0000] {dagbag.py:545} INFO - Filling up the DagBag from /opt/airflow/dags/flight-pipeline.py
[2026-03-03T22:27:56.425+0000] {processor.py:840} INFO - DAG(s) 'flights_ops_medallion_pipe' retrieved from /opt/airflow/dags/flight-pipeline.py
[2026-03-03T22:27:56.461+0000] {logging_mixin.py:188} INFO - [2026-03-03T22:27:56.461+0000] {dag.py:3089} INFO - Sync 1 DAGs
[2026-03-03T22:27:56.485+0000] {logging_mixin.py:188} INFO - [2026-03-03T22:27:56.484+0000] {dag.py:3947} INFO - Setting next_dagrun for flights_ops_medallion_pipe to 2026-03-03 22:00:00+00:00, run_after=2026-03-03 22:30:00+00:00
[2026-03-03T22:27:56.502+0000] {processor.py:183} INFO - Processing /opt/airflow/dags/flight-pipeline.py took 0.941 seconds
[2026-03-03T22:28:26.749+0000] {processor.py:161} INFO - Started process (PID=302) to work on /opt/airflow/dags/flight-pipeline.py
[2026-03-03T22:28:26.750+0000] {processor.py:830} INFO - Processing file /opt/airflow/dags/flight-pipeline.py for tasks to queue
[2026-03-03T22:28:26.752+0000] {logging_mixin.py:188} INFO - [2026-03-03T22:28:26.752+0000] {dagbag.py:545} INFO - Filling up the DagBag from /opt/airflow/dags/flight-pipeline.py
[2026-03-03T22:28:27.417+0000] {processor.py:840} INFO - DAG(s) 'flights_ops_medallion_pipe' retrieved from /opt/airflow/dags/flight-pipeline.py
[2026-03-03T22:28:27.448+0000] {logging_mixin.py:188} INFO - [2026-03-03T22:28:27.448+0000] {dag.py:3089} INFO - Sync 1 DAGs
[2026-03-03T22:28:27.471+0000] {logging_mixin.py:188} INFO - [2026-03-03T22:28:27.471+0000] {dag.py:3947} INFO - Setting next_dagrun for flights_ops_medallion_pipe to 2026-03-03 22:00:00+00:00, run_after=2026-03-03 22:30:00+00:00
[2026-03-03T22:28:27.491+0000] {processor.py:183} INFO - Processing /opt/airflow/dags/flight-pipeline.py took 0.750 seconds
[2026-03-03T22:28:52.433+0000] {processor.py:161} INFO - Started process (PID=29) to work on /opt/airflow/dags/flight-pipeline.py
[2026-03-03T22:28:52.435+0000] {processor.py:830} INFO - Processing file /opt/airflow/dags/flight-pipeline.py for tasks to queue
[2026-03-03T22:28:52.437+0000] {logging_mixin.py:188} INFO - [2026-03-03T22:28:52.437+0000] {dagbag.py:545} INFO - Filling up the DagBag from /opt/airflow/dags/flight-pipeline.py
[2026-03-03T22:28:54.339+0000] {processor.py:840} INFO - DAG(s) 'flights_ops_medallion_pipe' retrieved from /opt/airflow/dags/flight-pipeline.py
[2026-03-03T22:28:54.478+0000] {logging_mixin.py:188} INFO - [2026-03-03T22:28:54.477+0000] {dag.py:3089} INFO - Sync 1 DAGs
[2026-03-03T22:28:54.555+0000] {logging_mixin.py:188} INFO - [2026-03-03T22:28:54.554+0000] {dag.py:3947} INFO - Setting next_dagrun for flights_ops_medallion_pipe to 2026-03-03 22:00:00+00:00, run_after=2026-03-03 22:30:00+00:00
[2026-03-03T22:28:54.594+0000] {processor.py:183} INFO - Processing /opt/airflow/dags/flight-pipeline.py took 2.167 seconds
[2026-03-03T22:29:24.664+0000] {processor.py:161} INFO - Started process (PID=32) to work on /opt/airflow/dags/flight-pipeline.py
[2026-03-03T22:29:24.666+0000] {processor.py:830} INFO - Processing file /opt/airflow/dags/flight-pipeline.py for tasks to queue
[2026-03-03T22:29:24.668+0000] {logging_mixin.py:188} INFO - [2026-03-03T22:29:24.668+0000] {dagbag.py:545} INFO - Filling up the DagBag from /opt/airflow/dags/flight-pipeline.py
[2026-03-03T22:29:25.413+0000] {processor.py:840} INFO - DAG(s) 'flights_ops_medallion_pipe' retrieved from /opt/airflow/dags/flight-pipeline.py
[2026-03-03T22:29:25.549+0000] {logging_mixin.py:188} INFO - [2026-03-03T22:29:25.549+0000] {dag.py:3089} INFO - Sync 1 DAGs
[2026-03-03T22:29:25.568+0000] {logging_mixin.py:188} INFO - [2026-03-03T22:29:25.568+0000] {dag.py:3947} INFO - Setting next_dagrun for flights_ops_medallion_pipe to 2026-03-03 22:00:00+00:00, run_after=2026-03-03 22:30:00+00:00
[2026-03-03T22:29:25.583+0000] {processor.py:183} INFO - Processing /opt/airflow/dags/flight-pipeline.py took 0.926 seconds
[2026-03-03T22:29:55.897+0000] {processor.py:161} INFO - Started process (PID=35) to work on /opt/airflow/dags/flight-pipeline.py
[2026-03-03T22:29:55.899+0000] {processor.py:830} INFO - Processing file /opt/airflow/dags/flight-pipeline.py for tasks to queue
[2026-03-03T22:29:55.901+0000] {logging_mixin.py:188} INFO - [2026-03-03T22:29:55.901+0000] {dagbag.py:545} INFO - Filling up the DagBag from /opt/airflow/dags/flight-pipeline.py
[2026-03-03T22:29:56.596+0000] {processor.py:840} INFO - DAG(s) 'flights_ops_medallion_pipe' retrieved from /opt/airflow/dags/flight-pipeline.py
[2026-03-03T22:29:56.627+0000] {logging_mixin.py:188} INFO - [2026-03-03T22:29:56.626+0000] {dag.py:3089} INFO - Sync 1 DAGs
[2026-03-03T22:29:56.652+0000] {logging_mixin.py:188} INFO - [2026-03-03T22:29:56.652+0000] {dag.py:3947} INFO - Setting next_dagrun for flights_ops_medallion_pipe to 2026-03-03 22:00:00+00:00, run_after=2026-03-03 22:30:00+00:00
[2026-03-03T22:29:56.670+0000] {processor.py:183} INFO - Processing /opt/airflow/dags/flight-pipeline.py took 0.780 seconds
[2026-03-03T22:30:26.863+0000] {processor.py:161} INFO - Started process (PID=98) to work on /opt/airflow/dags/flight-pipeline.py
[2026-03-03T22:30:26.864+0000] {processor.py:830} INFO - Processing file /opt/airflow/dags/flight-pipeline.py for tasks to queue
[2026-03-03T22:30:26.867+0000] {logging_mixin.py:188} INFO - [2026-03-03T22:30:26.867+0000] {dagbag.py:545} INFO - Filling up the DagBag from /opt/airflow/dags/flight-pipeline.py
[2026-03-03T22:30:27.721+0000] {processor.py:840} INFO - DAG(s) 'flights_ops_medallion_pipe' retrieved from /opt/airflow/dags/flight-pipeline.py
[2026-03-03T22:30:27.754+0000] {logging_mixin.py:188} INFO - [2026-03-03T22:30:27.754+0000] {dag.py:3089} INFO - Sync 1 DAGs
[2026-03-03T22:30:27.778+0000] {logging_mixin.py:188} INFO - [2026-03-03T22:30:27.778+0000] {dag.py:3947} INFO - Setting next_dagrun for flights_ops_medallion_pipe to 2026-03-03 22:30:00+00:00, run_after=2026-03-03 23:00:00+00:00
[2026-03-03T22:30:27.797+0000] {processor.py:183} INFO - Processing /opt/airflow/dags/flight-pipeline.py took 0.942 seconds
[2026-03-03T22:30:58.007+0000] {processor.py:161} INFO - Started process (PID=101) to work on /opt/airflow/dags/flight-pipeline.py
[2026-03-03T22:30:58.009+0000] {processor.py:830} INFO - Processing file /opt/airflow/dags/flight-pipeline.py for tasks to queue
[2026-03-03T22:30:58.011+0000] {logging_mixin.py:188} INFO - [2026-03-03T22:30:58.011+0000] {dagbag.py:545} INFO - Filling up the DagBag from /opt/airflow/dags/flight-pipeline.py
[2026-03-03T22:30:58.872+0000] {processor.py:840} INFO - DAG(s) 'flights_ops_medallion_pipe' retrieved from /opt/airflow/dags/flight-pipeline.py
[2026-03-03T22:30:58.908+0000] {logging_mixin.py:188} INFO - [2026-03-03T22:30:58.908+0000] {dag.py:3089} INFO - Sync 1 DAGs
[2026-03-03T22:30:58.937+0000] {logging_mixin.py:188} INFO - [2026-03-03T22:30:58.937+0000] {dag.py:3947} INFO - Setting next_dagrun for flights_ops_medallion_pipe to 2026-03-03 22:30:00+00:00, run_after=2026-03-03 23:00:00+00:00
[2026-03-03T22:30:58.957+0000] {processor.py:183} INFO - Processing /opt/airflow/dags/flight-pipeline.py took 0.959 seconds
[2026-03-03T22:31:29.237+0000] {processor.py:161} INFO - Started process (PID=104) to work on /opt/airflow/dags/flight-pipeline.py
[2026-03-03T22:31:29.241+0000] {processor.py:830} INFO - Processing file /opt/airflow/dags/flight-pipeline.py for tasks to queue
[2026-03-03T22:31:29.245+0000] {logging_mixin.py:188} INFO - [2026-03-03T22:31:29.245+0000] {dagbag.py:545} INFO - Filling up the DagBag from /opt/airflow/dags/flight-pipeline.py
[2026-03-03T22:31:30.245+0000] {processor.py:840} INFO - DAG(s) 'flights_ops_medallion_pipe' retrieved from /opt/airflow/dags/flight-pipeline.py
[2026-03-03T22:31:30.291+0000] {logging_mixin.py:188} INFO - [2026-03-03T22:31:30.288+0000] {dag.py:3089} INFO - Sync 1 DAGs
[2026-03-03T22:31:30.329+0000] {logging_mixin.py:188} INFO - [2026-03-03T22:31:30.328+0000] {dag.py:3947} INFO - Setting next_dagrun for flights_ops_medallion_pipe to 2026-03-03 22:30:00+00:00, run_after=2026-03-03 23:00:00+00:00
[2026-03-03T22:31:30.358+0000] {processor.py:183} INFO - Processing /opt/airflow/dags/flight-pipeline.py took 1.140 seconds
[2026-03-03T22:32:00.417+0000] {processor.py:161} INFO - Started process (PID=107) to work on /opt/airflow/dags/flight-pipeline.py
[2026-03-03T22:32:00.418+0000] {processor.py:830} INFO - Processing file /opt/airflow/dags/flight-pipeline.py for tasks to queue
[2026-03-03T22:32:00.421+0000] {logging_mixin.py:188} INFO - [2026-03-03T22:32:00.420+0000] {dagbag.py:545} INFO - Filling up the DagBag from /opt/airflow/dags/flight-pipeline.py
[2026-03-03T22:32:01.154+0000] {processor.py:840} INFO - DAG(s) 'flights_ops_medallion_pipe' retrieved from /opt/airflow/dags/flight-pipeline.py
[2026-03-03T22:32:01.187+0000] {logging_mixin.py:188} INFO - [2026-03-03T22:32:01.185+0000] {dag.py:3089} INFO - Sync 1 DAGs
[2026-03-03T22:32:01.211+0000] {logging_mixin.py:188} INFO - [2026-03-03T22:32:01.210+0000] {dag.py:3947} INFO - Setting next_dagrun for flights_ops_medallion_pipe to 2026-03-03 22:30:00+00:00, run_after=2026-03-03 23:00:00+00:00
[2026-03-03T22:32:01.230+0000] {processor.py:183} INFO - Processing /opt/airflow/dags/flight-pipeline.py took 0.821 seconds
[2026-03-03T22:32:31.449+0000] {processor.py:161} INFO - Started process (PID=110) to work on /opt/airflow/dags/flight-pipeline.py
[2026-03-03T22:32:31.451+0000] {processor.py:830} INFO - Processing file /opt/airflow/dags/flight-pipeline.py for tasks to queue
[2026-03-03T22:32:31.453+0000] {logging_mixin.py:188} INFO - [2026-03-03T22:32:31.453+0000] {dagbag.py:545} INFO - Filling up the DagBag from /opt/airflow/dags/flight-pipeline.py
[2026-03-03T22:32:32.134+0000] {processor.py:840} INFO - DAG(s) 'flights_ops_medallion_pipe' retrieved from /opt/airflow/dags/flight-pipeline.py
[2026-03-03T22:32:32.165+0000] {logging_mixin.py:188} INFO - [2026-03-03T22:32:32.164+0000] {dag.py:3089} INFO - Sync 1 DAGs
[2026-03-03T22:32:32.187+0000] {logging_mixin.py:188} INFO - [2026-03-03T22:32:32.186+0000] {dag.py:3947} INFO - Setting next_dagrun for flights_ops_medallion_pipe to 2026-03-03 22:30:00+00:00, run_after=2026-03-03 23:00:00+00:00
[2026-03-03T22:32:32.204+0000] {processor.py:183} INFO - Processing /opt/airflow/dags/flight-pipeline.py took 0.762 seconds
[2026-03-03T22:33:02.399+0000] {processor.py:161} INFO - Started process (PID=113) to work on /opt/airflow/dags/flight-pipeline.py
[2026-03-03T22:33:02.400+0000] {processor.py:830} INFO - Processing file /opt/airflow/dags/flight-pipeline.py for tasks to queue
[2026-03-03T22:33:02.402+0000] {logging_mixin.py:188} INFO - [2026-03-03T22:33:02.402+0000] {dagbag.py:545} INFO - Filling up the DagBag from /opt/airflow/dags/flight-pipeline.py
[2026-03-03T22:33:03.194+0000] {processor.py:840} INFO - DAG(s) 'flights_ops_medallion_pipe' retrieved from /opt/airflow/dags/flight-pipeline.py
[2026-03-03T22:33:03.223+0000] {logging_mixin.py:188} INFO - [2026-03-03T22:33:03.222+0000] {dag.py:3089} INFO - Sync 1 DAGs
[2026-03-03T22:33:03.244+0000] {logging_mixin.py:188} INFO - [2026-03-03T22:33:03.244+0000] {dag.py:3947} INFO - Setting next_dagrun for flights_ops_medallion_pipe to 2026-03-03 22:30:00+00:00, run_after=2026-03-03 23:00:00+00:00
[2026-03-03T22:33:03.260+0000] {processor.py:183} INFO - Processing /opt/airflow/dags/flight-pipeline.py took 0.869 seconds
[2026-03-03T22:33:33.543+0000] {processor.py:161} INFO - Started process (PID=116) to work on /opt/airflow/dags/flight-pipeline.py
[2026-03-03T22:33:33.545+0000] {processor.py:830} INFO - Processing file /opt/airflow/dags/flight-pipeline.py for tasks to queue
[2026-03-03T22:33:33.548+0000] {logging_mixin.py:188} INFO - [2026-03-03T22:33:33.547+0000] {dagbag.py:545} INFO - Filling up the DagBag from /opt/airflow/dags/flight-pipeline.py
[2026-03-03T22:33:34.220+0000] {processor.py:840} INFO - DAG(s) 'flights_ops_medallion_pipe' retrieved from /opt/airflow/dags/flight-pipeline.py
[2026-03-03T22:33:34.250+0000] {logging_mixin.py:188} INFO - [2026-03-03T22:33:34.249+0000] {dag.py:3089} INFO - Sync 1 DAGs
[2026-03-03T22:33:34.273+0000] {logging_mixin.py:188} INFO - [2026-03-03T22:33:34.273+0000] {dag.py:3947} INFO - Setting next_dagrun for flights_ops_medallion_pipe to 2026-03-03 22:30:00+00:00, run_after=2026-03-03 23:00:00+00:00
[2026-03-03T22:33:34.291+0000] {processor.py:183} INFO - Processing /opt/airflow/dags/flight-pipeline.py took 0.756 seconds
[2026-03-03T22:34:04.492+0000] {processor.py:161} INFO - Started process (PID=119) to work on /opt/airflow/dags/flight-pipeline.py
[2026-03-03T22:34:04.494+0000] {processor.py:830} INFO - Processing file /opt/airflow/dags/flight-pipeline.py for tasks to queue
[2026-03-03T22:34:04.496+0000] {logging_mixin.py:188} INFO - [2026-03-03T22:34:04.495+0000] {dagbag.py:545} INFO - Filling up the DagBag from /opt/airflow/dags/flight-pipeline.py
[2026-03-03T22:34:05.257+0000] {processor.py:840} INFO - DAG(s) 'flights_ops_medallion_pipe' retrieved from /opt/airflow/dags/flight-pipeline.py
[2026-03-03T22:34:05.292+0000] {logging_mixin.py:188} INFO - [2026-03-03T22:34:05.291+0000] {dag.py:3089} INFO - Sync 1 DAGs
[2026-03-03T22:34:05.319+0000] {logging_mixin.py:188} INFO - [2026-03-03T22:34:05.319+0000] {dag.py:3947} INFO - Setting next_dagrun for flights_ops_medallion_pipe to 2026-03-03 22:30:00+00:00, run_after=2026-03-03 23:00:00+00:00
[2026-03-03T22:34:05.350+0000] {processor.py:183} INFO - Processing /opt/airflow/dags/flight-pipeline.py took 0.866 seconds
[2026-03-03T22:34:35.490+0000] {processor.py:161} INFO - Started process (PID=122) to work on /opt/airflow/dags/flight-pipeline.py
[2026-03-03T22:34:35.493+0000] {processor.py:830} INFO - Processing file /opt/airflow/dags/flight-pipeline.py for tasks to queue
[2026-03-03T22:34:35.497+0000] {logging_mixin.py:188} INFO - [2026-03-03T22:34:35.496+0000] {dagbag.py:545} INFO - Filling up the DagBag from /opt/airflow/dags/flight-pipeline.py
[2026-03-03T22:34:36.690+0000] {processor.py:840} INFO - DAG(s) 'flights_ops_medallion_pipe' retrieved from /opt/airflow/dags/flight-pipeline.py
[2026-03-03T22:34:36.725+0000] {logging_mixin.py:188} INFO - [2026-03-03T22:34:36.724+0000] {dag.py:3089} INFO - Sync 1 DAGs
[2026-03-03T22:34:36.754+0000] {logging_mixin.py:188} INFO - [2026-03-03T22:34:36.754+0000] {dag.py:3947} INFO - Setting next_dagrun for flights_ops_medallion_pipe to 2026-03-03 22:30:00+00:00, run_after=2026-03-03 23:00:00+00:00
[2026-03-03T22:34:36.778+0000] {processor.py:183} INFO - Processing /opt/airflow/dags/flight-pipeline.py took 1.298 seconds
[2026-03-03T22:35:07.004+0000] {processor.py:161} INFO - Started process (PID=125) to work on /opt/airflow/dags/flight-pipeline.py
[2026-03-03T22:35:07.006+0000] {processor.py:830} INFO - Processing file /opt/airflow/dags/flight-pipeline.py for tasks to queue
[2026-03-03T22:35:07.008+0000] {logging_mixin.py:188} INFO - [2026-03-03T22:35:07.008+0000] {dagbag.py:545} INFO - Filling up the DagBag from /opt/airflow/dags/flight-pipeline.py
[2026-03-03T22:35:07.755+0000] {processor.py:840} INFO - DAG(s) 'flights_ops_medallion_pipe' retrieved from /opt/airflow/dags/flight-pipeline.py
[2026-03-03T22:35:07.790+0000] {logging_mixin.py:188} INFO - [2026-03-03T22:35:07.788+0000] {dag.py:3089} INFO - Sync 1 DAGs
[2026-03-03T22:35:07.815+0000] {logging_mixin.py:188} INFO - [2026-03-03T22:35:07.814+0000] {dag.py:3947} INFO - Setting next_dagrun for flights_ops_medallion_pipe to 2026-03-03 22:30:00+00:00, run_after=2026-03-03 23:00:00+00:00
[2026-03-03T22:35:07.834+0000] {processor.py:183} INFO - Processing /opt/airflow/dags/flight-pipeline.py took 0.839 seconds
[2026-03-03T22:35:37.993+0000] {processor.py:161} INFO - Started process (PID=128) to work on /opt/airflow/dags/flight-pipeline.py
[2026-03-03T22:35:37.995+0000] {processor.py:830} INFO - Processing file /opt/airflow/dags/flight-pipeline.py for tasks to queue
[2026-03-03T22:35:37.999+0000] {logging_mixin.py:188} INFO - [2026-03-03T22:35:37.998+0000] {dagbag.py:545} INFO - Filling up the DagBag from /opt/airflow/dags/flight-pipeline.py
[2026-03-03T22:35:39.470+0000] {processor.py:840} INFO - DAG(s) 'flights_ops_medallion_pipe' retrieved from /opt/airflow/dags/flight-pipeline.py
[2026-03-03T22:35:39.559+0000] {logging_mixin.py:188} INFO - [2026-03-03T22:35:39.557+0000] {dag.py:3089} INFO - Sync 1 DAGs
[2026-03-03T22:35:39.647+0000] {logging_mixin.py:188} INFO - [2026-03-03T22:35:39.646+0000] {dag.py:3947} INFO - Setting next_dagrun for flights_ops_medallion_pipe to 2026-03-03 22:30:00+00:00, run_after=2026-03-03 23:00:00+00:00
[2026-03-03T22:35:39.682+0000] {processor.py:183} INFO - Processing /opt/airflow/dags/flight-pipeline.py took 1.700 seconds
[2026-03-03T22:36:09.925+0000] {processor.py:161} INFO - Started process (PID=131) to work on /opt/airflow/dags/flight-pipeline.py
[2026-03-03T22:36:09.926+0000] {processor.py:830} INFO - Processing file /opt/airflow/dags/flight-pipeline.py for tasks to queue
[2026-03-03T22:36:09.929+0000] {logging_mixin.py:188} INFO - [2026-03-03T22:36:09.929+0000] {dagbag.py:545} INFO - Filling up the DagBag from /opt/airflow/dags/flight-pipeline.py
[2026-03-03T22:36:10.718+0000] {processor.py:840} INFO - DAG(s) 'flights_ops_medallion_pipe' retrieved from /opt/airflow/dags/flight-pipeline.py
[2026-03-03T22:36:10.755+0000] {logging_mixin.py:188} INFO - [2026-03-03T22:36:10.754+0000] {dag.py:3089} INFO - Sync 1 DAGs
[2026-03-03T22:36:10.784+0000] {logging_mixin.py:188} INFO - [2026-03-03T22:36:10.784+0000] {dag.py:3947} INFO - Setting next_dagrun for flights_ops_medallion_pipe to 2026-03-03 22:30:00+00:00, run_after=2026-03-03 23:00:00+00:00
[2026-03-03T22:36:10.801+0000] {processor.py:183} INFO - Processing /opt/airflow/dags/flight-pipeline.py took 0.884 seconds
[2026-03-03T22:36:40.970+0000] {processor.py:161} INFO - Started process (PID=134) to work on /opt/airflow/dags/flight-pipeline.py
[2026-03-03T22:36:40.971+0000] {processor.py:830} INFO - Processing file /opt/airflow/dags/flight-pipeline.py for tasks to queue
[2026-03-03T22:36:40.974+0000] {logging_mixin.py:188} INFO - [2026-03-03T22:36:40.973+0000] {dagbag.py:545} INFO - Filling up the DagBag from /opt/airflow/dags/flight-pipeline.py
[2026-03-03T22:36:41.766+0000] {processor.py:840} INFO - DAG(s) 'flights_ops_medallion_pipe' retrieved from /opt/airflow/dags/flight-pipeline.py
[2026-03-03T22:36:41.799+0000] {logging_mixin.py:188} INFO - [2026-03-03T22:36:41.799+0000] {dag.py:3089} INFO - Sync 1 DAGs
[2026-03-03T22:36:41.825+0000] {logging_mixin.py:188} INFO - [2026-03-03T22:36:41.825+0000] {dag.py:3947} INFO - Setting next_dagrun for flights_ops_medallion_pipe to 2026-03-03 22:30:00+00:00, run_after=2026-03-03 23:00:00+00:00
[2026-03-03T22:36:41.844+0000] {processor.py:183} INFO - Processing /opt/airflow/dags/flight-pipeline.py took 0.882 seconds
[2026-03-03T22:37:12.032+0000] {processor.py:161} INFO - Started process (PID=137) to work on /opt/airflow/dags/flight-pipeline.py
[2026-03-03T22:37:12.034+0000] {processor.py:830} INFO - Processing file /opt/airflow/dags/flight-pipeline.py for tasks to queue
[2026-03-03T22:37:12.040+0000] {logging_mixin.py:188} INFO - [2026-03-03T22:37:12.039+0000] {dagbag.py:545} INFO - Filling up the DagBag from /opt/airflow/dags/flight-pipeline.py
[2026-03-03T22:37:12.954+0000] {processor.py:840} INFO - DAG(s) 'flights_ops_medallion_pipe' retrieved from /opt/airflow/dags/flight-pipeline.py
[2026-03-03T22:37:13.019+0000] {logging_mixin.py:188} INFO - [2026-03-03T22:37:13.018+0000] {dag.py:3089} INFO - Sync 1 DAGs
[2026-03-03T22:37:13.073+0000] {logging_mixin.py:188} INFO - [2026-03-03T22:37:13.073+0000] {dag.py:3947} INFO - Setting next_dagrun for flights_ops_medallion_pipe to 2026-03-03 22:30:00+00:00, run_after=2026-03-03 23:00:00+00:00
[2026-03-03T22:37:13.099+0000] {processor.py:183} INFO - Processing /opt/airflow/dags/flight-pipeline.py took 1.082 seconds
[2026-03-03T22:37:43.271+0000] {processor.py:161} INFO - Started process (PID=140) to work on /opt/airflow/dags/flight-pipeline.py
[2026-03-03T22:37:43.273+0000] {processor.py:830} INFO - Processing file /opt/airflow/dags/flight-pipeline.py for tasks to queue
[2026-03-03T22:37:43.277+0000] {logging_mixin.py:188} INFO - [2026-03-03T22:37:43.276+0000] {dagbag.py:545} INFO - Filling up the DagBag from /opt/airflow/dags/flight-pipeline.py
[2026-03-03T22:37:44.197+0000] {processor.py:840} INFO - DAG(s) 'flights_ops_medallion_pipe' retrieved from /opt/airflow/dags/flight-pipeline.py
[2026-03-03T22:37:44.232+0000] {logging_mixin.py:188} INFO - [2026-03-03T22:37:44.231+0000] {dag.py:3089} INFO - Sync 1 DAGs
[2026-03-03T22:37:44.260+0000] {logging_mixin.py:188} INFO - [2026-03-03T22:37:44.260+0000] {dag.py:3947} INFO - Setting next_dagrun for flights_ops_medallion_pipe to 2026-03-03 22:30:00+00:00, run_after=2026-03-03 23:00:00+00:00
[2026-03-03T22:37:44.281+0000] {processor.py:183} INFO - Processing /opt/airflow/dags/flight-pipeline.py took 1.020 seconds
[2026-03-03T22:38:14.488+0000] {processor.py:161} INFO - Started process (PID=143) to work on /opt/airflow/dags/flight-pipeline.py
[2026-03-03T22:38:14.492+0000] {processor.py:830} INFO - Processing file /opt/airflow/dags/flight-pipeline.py for tasks to queue
[2026-03-03T22:38:14.497+0000] {logging_mixin.py:188} INFO - [2026-03-03T22:38:14.496+0000] {dagbag.py:545} INFO - Filling up the DagBag from /opt/airflow/dags/flight-pipeline.py
[2026-03-03T22:38:15.707+0000] {processor.py:840} INFO - DAG(s) 'flights_ops_medallion_pipe' retrieved from /opt/airflow/dags/flight-pipeline.py
[2026-03-03T22:38:15.744+0000] {logging_mixin.py:188} INFO - [2026-03-03T22:38:15.742+0000] {dag.py:3089} INFO - Sync 1 DAGs
[2026-03-03T22:38:15.770+0000] {logging_mixin.py:188} INFO - [2026-03-03T22:38:15.770+0000] {dag.py:3947} INFO - Setting next_dagrun for flights_ops_medallion_pipe to 2026-03-03 22:30:00+00:00, run_after=2026-03-03 23:00:00+00:00
[2026-03-03T22:38:15.790+0000] {processor.py:183} INFO - Processing /opt/airflow/dags/flight-pipeline.py took 1.313 seconds
[2026-03-03T22:38:45.986+0000] {processor.py:161} INFO - Started process (PID=146) to work on /opt/airflow/dags/flight-pipeline.py
[2026-03-03T22:38:45.988+0000] {processor.py:830} INFO - Processing file /opt/airflow/dags/flight-pipeline.py for tasks to queue
[2026-03-03T22:38:45.993+0000] {logging_mixin.py:188} INFO - [2026-03-03T22:38:45.992+0000] {dagbag.py:545} INFO - Filling up the DagBag from /opt/airflow/dags/flight-pipeline.py
[2026-03-03T22:38:46.988+0000] {processor.py:840} INFO - DAG(s) 'flights_ops_medallion_pipe' retrieved from /opt/airflow/dags/flight-pipeline.py
[2026-03-03T22:38:47.022+0000] {logging_mixin.py:188} INFO - [2026-03-03T22:38:47.021+0000] {dag.py:3089} INFO - Sync 1 DAGs
[2026-03-03T22:38:47.048+0000] {logging_mixin.py:188} INFO - [2026-03-03T22:38:47.047+0000] {dag.py:3947} INFO - Setting next_dagrun for flights_ops_medallion_pipe to 2026-03-03 22:30:00+00:00, run_after=2026-03-03 23:00:00+00:00
[2026-03-03T22:38:47.068+0000] {processor.py:183} INFO - Processing /opt/airflow/dags/flight-pipeline.py took 1.092 seconds
[2026-03-03T22:39:17.145+0000] {processor.py:161} INFO - Started process (PID=149) to work on /opt/airflow/dags/flight-pipeline.py
[2026-03-03T22:39:17.146+0000] {processor.py:830} INFO - Processing file /opt/airflow/dags/flight-pipeline.py for tasks to queue
[2026-03-03T22:39:17.148+0000] {logging_mixin.py:188} INFO - [2026-03-03T22:39:17.148+0000] {dagbag.py:545} INFO - Filling up the DagBag from /opt/airflow/dags/flight-pipeline.py
[2026-03-03T22:39:17.923+0000] {processor.py:840} INFO - DAG(s) 'flights_ops_medallion_pipe' retrieved from /opt/airflow/dags/flight-pipeline.py
[2026-03-03T22:39:17.962+0000] {logging_mixin.py:188} INFO - [2026-03-03T22:39:17.962+0000] {dag.py:3089} INFO - Sync 1 DAGs
[2026-03-03T22:39:17.993+0000] {logging_mixin.py:188} INFO - [2026-03-03T22:39:17.993+0000] {dag.py:3947} INFO - Setting next_dagrun for flights_ops_medallion_pipe to 2026-03-03 22:30:00+00:00, run_after=2026-03-03 23:00:00+00:00
[2026-03-03T22:39:18.016+0000] {processor.py:183} INFO - Processing /opt/airflow/dags/flight-pipeline.py took 0.880 seconds
[2026-03-03T22:39:48.226+0000] {processor.py:161} INFO - Started process (PID=152) to work on /opt/airflow/dags/flight-pipeline.py
[2026-03-03T22:39:48.228+0000] {processor.py:830} INFO - Processing file /opt/airflow/dags/flight-pipeline.py for tasks to queue
[2026-03-03T22:39:48.230+0000] {logging_mixin.py:188} INFO - [2026-03-03T22:39:48.230+0000] {dagbag.py:545} INFO - Filling up the DagBag from /opt/airflow/dags/flight-pipeline.py
[2026-03-03T22:39:48.934+0000] {processor.py:840} INFO - DAG(s) 'flights_ops_medallion_pipe' retrieved from /opt/airflow/dags/flight-pipeline.py
[2026-03-03T22:39:48.965+0000] {logging_mixin.py:188} INFO - [2026-03-03T22:39:48.965+0000] {dag.py:3089} INFO - Sync 1 DAGs
[2026-03-03T22:39:48.989+0000] {logging_mixin.py:188} INFO - [2026-03-03T22:39:48.988+0000] {dag.py:3947} INFO - Setting next_dagrun for flights_ops_medallion_pipe to 2026-03-03 22:30:00+00:00, run_after=2026-03-03 23:00:00+00:00
[2026-03-03T22:39:49.007+0000] {processor.py:183} INFO - Processing /opt/airflow/dags/flight-pipeline.py took 0.788 seconds
[2026-03-03T22:40:19.206+0000] {processor.py:161} INFO - Started process (PID=155) to work on /opt/airflow/dags/flight-pipeline.py
[2026-03-03T22:40:19.207+0000] {processor.py:830} INFO - Processing file /opt/airflow/dags/flight-pipeline.py for tasks to queue
[2026-03-03T22:40:19.210+0000] {logging_mixin.py:188} INFO - [2026-03-03T22:40:19.209+0000] {dagbag.py:545} INFO - Filling up the DagBag from /opt/airflow/dags/flight-pipeline.py
[2026-03-03T22:40:19.926+0000] {processor.py:840} INFO - DAG(s) 'flights_ops_medallion_pipe' retrieved from /opt/airflow/dags/flight-pipeline.py
[2026-03-03T22:40:19.963+0000] {logging_mixin.py:188} INFO - [2026-03-03T22:40:19.962+0000] {dag.py:3089} INFO - Sync 1 DAGs
[2026-03-03T22:40:19.992+0000] {logging_mixin.py:188} INFO - [2026-03-03T22:40:19.991+0000] {dag.py:3947} INFO - Setting next_dagrun for flights_ops_medallion_pipe to 2026-03-03 22:30:00+00:00, run_after=2026-03-03 23:00:00+00:00
[2026-03-03T22:40:20.011+0000] {processor.py:183} INFO - Processing /opt/airflow/dags/flight-pipeline.py took 0.813 seconds
[2026-03-03T22:40:50.216+0000] {processor.py:161} INFO - Started process (PID=158) to work on /opt/airflow/dags/flight-pipeline.py
[2026-03-03T22:40:50.217+0000] {processor.py:830} INFO - Processing file /opt/airflow/dags/flight-pipeline.py for tasks to queue
[2026-03-03T22:40:50.220+0000] {logging_mixin.py:188} INFO - [2026-03-03T22:40:50.219+0000] {dagbag.py:545} INFO - Filling up the DagBag from /opt/airflow/dags/flight-pipeline.py
[2026-03-03T22:40:50.982+0000] {processor.py:840} INFO - DAG(s) 'flights_ops_medallion_pipe' retrieved from /opt/airflow/dags/flight-pipeline.py
[2026-03-03T22:40:51.013+0000] {logging_mixin.py:188} INFO - [2026-03-03T22:40:51.012+0000] {dag.py:3089} INFO - Sync 1 DAGs
[2026-03-03T22:40:51.036+0000] {logging_mixin.py:188} INFO - [2026-03-03T22:40:51.035+0000] {dag.py:3947} INFO - Setting next_dagrun for flights_ops_medallion_pipe to 2026-03-03 22:30:00+00:00, run_after=2026-03-03 23:00:00+00:00
[2026-03-03T22:40:51.053+0000] {processor.py:183} INFO - Processing /opt/airflow/dags/flight-pipeline.py took 0.845 seconds
[2026-03-03T22:41:21.274+0000] {processor.py:161} INFO - Started process (PID=161) to work on /opt/airflow/dags/flight-pipeline.py
[2026-03-03T22:41:21.276+0000] {processor.py:830} INFO - Processing file /opt/airflow/dags/flight-pipeline.py for tasks to queue
[2026-03-03T22:41:21.279+0000] {logging_mixin.py:188} INFO - [2026-03-03T22:41:21.278+0000] {dagbag.py:545} INFO - Filling up the DagBag from /opt/airflow/dags/flight-pipeline.py
[2026-03-03T22:41:22.192+0000] {processor.py:840} INFO - DAG(s) 'flights_ops_medallion_pipe' retrieved from /opt/airflow/dags/flight-pipeline.py
[2026-03-03T22:41:22.227+0000] {logging_mixin.py:188} INFO - [2026-03-03T22:41:22.227+0000] {dag.py:3089} INFO - Sync 1 DAGs
[2026-03-03T22:41:22.253+0000] {logging_mixin.py:188} INFO - [2026-03-03T22:41:22.253+0000] {dag.py:3947} INFO - Setting next_dagrun for flights_ops_medallion_pipe to 2026-03-03 22:30:00+00:00, run_after=2026-03-03 23:00:00+00:00
[2026-03-03T22:41:22.273+0000] {processor.py:183} INFO - Processing /opt/airflow/dags/flight-pipeline.py took 1.008 seconds
[2026-03-03T22:41:52.457+0000] {processor.py:161} INFO - Started process (PID=164) to work on /opt/airflow/dags/flight-pipeline.py
[2026-03-03T22:41:52.459+0000] {processor.py:830} INFO - Processing file /opt/airflow/dags/flight-pipeline.py for tasks to queue
[2026-03-03T22:41:52.461+0000] {logging_mixin.py:188} INFO - [2026-03-03T22:41:52.461+0000] {dagbag.py:545} INFO - Filling up the DagBag from /opt/airflow/dags/flight-pipeline.py
[2026-03-03T22:41:53.268+0000] {processor.py:840} INFO - DAG(s) 'flights_ops_medallion_pipe' retrieved from /opt/airflow/dags/flight-pipeline.py
[2026-03-03T22:41:53.305+0000] {logging_mixin.py:188} INFO - [2026-03-03T22:41:53.304+0000] {dag.py:3089} INFO - Sync 1 DAGs
[2026-03-03T22:41:53.334+0000] {logging_mixin.py:188} INFO - [2026-03-03T22:41:53.334+0000] {dag.py:3947} INFO - Setting next_dagrun for flights_ops_medallion_pipe to 2026-03-03 22:30:00+00:00, run_after=2026-03-03 23:00:00+00:00
[2026-03-03T22:41:53.355+0000] {processor.py:183} INFO - Processing /opt/airflow/dags/flight-pipeline.py took 0.908 seconds
[2026-03-03T22:42:23.568+0000] {processor.py:161} INFO - Started process (PID=167) to work on /opt/airflow/dags/flight-pipeline.py
[2026-03-03T22:42:23.569+0000] {processor.py:830} INFO - Processing file /opt/airflow/dags/flight-pipeline.py for tasks to queue
[2026-03-03T22:42:23.572+0000] {logging_mixin.py:188} INFO - [2026-03-03T22:42:23.572+0000] {dagbag.py:545} INFO - Filling up the DagBag from /opt/airflow/dags/flight-pipeline.py
[2026-03-03T22:42:24.335+0000] {processor.py:840} INFO - DAG(s) 'flights_ops_medallion_pipe' retrieved from /opt/airflow/dags/flight-pipeline.py
[2026-03-03T22:42:24.367+0000] {logging_mixin.py:188} INFO - [2026-03-03T22:42:24.366+0000] {dag.py:3089} INFO - Sync 1 DAGs
[2026-03-03T22:42:24.391+0000] {logging_mixin.py:188} INFO - [2026-03-03T22:42:24.391+0000] {dag.py:3947} INFO - Setting next_dagrun for flights_ops_medallion_pipe to 2026-03-03 22:30:00+00:00, run_after=2026-03-03 23:00:00+00:00
[2026-03-03T22:42:24.415+0000] {processor.py:183} INFO - Processing /opt/airflow/dags/flight-pipeline.py took 0.855 seconds
[2026-03-03T22:42:54.626+0000] {processor.py:161} INFO - Started process (PID=170) to work on /opt/airflow/dags/flight-pipeline.py
[2026-03-03T22:42:54.627+0000] {processor.py:830} INFO - Processing file /opt/airflow/dags/flight-pipeline.py for tasks to queue
[2026-03-03T22:42:54.633+0000] {logging_mixin.py:188} INFO - [2026-03-03T22:42:54.633+0000] {dagbag.py:545} INFO - Filling up the DagBag from /opt/airflow/dags/flight-pipeline.py
[2026-03-03T22:42:55.463+0000] {processor.py:840} INFO - DAG(s) 'flights_ops_medallion_pipe' retrieved from /opt/airflow/dags/flight-pipeline.py
[2026-03-03T22:42:55.499+0000] {logging_mixin.py:188} INFO - [2026-03-03T22:42:55.498+0000] {dag.py:3089} INFO - Sync 1 DAGs
[2026-03-03T22:42:55.523+0000] {logging_mixin.py:188} INFO - [2026-03-03T22:42:55.523+0000] {dag.py:3947} INFO - Setting next_dagrun for flights_ops_medallion_pipe to 2026-03-03 22:30:00+00:00, run_after=2026-03-03 23:00:00+00:00
[2026-03-03T22:42:55.543+0000] {processor.py:183} INFO - Processing /opt/airflow/dags/flight-pipeline.py took 0.926 seconds
[2026-03-03T22:43:25.746+0000] {processor.py:161} INFO - Started process (PID=173) to work on /opt/airflow/dags/flight-pipeline.py
[2026-03-03T22:43:25.747+0000] {processor.py:830} INFO - Processing file /opt/airflow/dags/flight-pipeline.py for tasks to queue
[2026-03-03T22:43:25.750+0000] {logging_mixin.py:188} INFO - [2026-03-03T22:43:25.750+0000] {dagbag.py:545} INFO - Filling up the DagBag from /opt/airflow/dags/flight-pipeline.py
[2026-03-03T22:43:26.621+0000] {processor.py:840} INFO - DAG(s) 'flights_ops_medallion_pipe' retrieved from /opt/airflow/dags/flight-pipeline.py
[2026-03-03T22:43:26.654+0000] {logging_mixin.py:188} INFO - [2026-03-03T22:43:26.654+0000] {dag.py:3089} INFO - Sync 1 DAGs
[2026-03-03T22:43:26.683+0000] {logging_mixin.py:188} INFO - [2026-03-03T22:43:26.682+0000] {dag.py:3947} INFO - Setting next_dagrun for flights_ops_medallion_pipe to 2026-03-03 22:30:00+00:00, run_after=2026-03-03 23:00:00+00:00
[2026-03-03T22:43:26.707+0000] {processor.py:183} INFO - Processing /opt/airflow/dags/flight-pipeline.py took 0.970 seconds
[2026-03-03T22:43:56.998+0000] {processor.py:161} INFO - Started process (PID=176) to work on /opt/airflow/dags/flight-pipeline.py
[2026-03-03T22:43:57.000+0000] {processor.py:830} INFO - Processing file /opt/airflow/dags/flight-pipeline.py for tasks to queue
[2026-03-03T22:43:57.004+0000] {logging_mixin.py:188} INFO - [2026-03-03T22:43:57.003+0000] {dagbag.py:545} INFO - Filling up the DagBag from /opt/airflow/dags/flight-pipeline.py
[2026-03-03T22:43:57.948+0000] {processor.py:840} INFO - DAG(s) 'flights_ops_medallion_pipe' retrieved from /opt/airflow/dags/flight-pipeline.py
[2026-03-03T22:43:57.985+0000] {logging_mixin.py:188} INFO - [2026-03-03T22:43:57.984+0000] {dag.py:3089} INFO - Sync 1 DAGs
[2026-03-03T22:43:58.013+0000] {logging_mixin.py:188} INFO - [2026-03-03T22:43:58.013+0000] {dag.py:3947} INFO - Setting next_dagrun for flights_ops_medallion_pipe to 2026-03-03 22:30:00+00:00, run_after=2026-03-03 23:00:00+00:00
[2026-03-03T22:43:58.037+0000] {processor.py:183} INFO - Processing /opt/airflow/dags/flight-pipeline.py took 1.108 seconds
[2026-03-03T22:44:28.147+0000] {processor.py:161} INFO - Started process (PID=179) to work on /opt/airflow/dags/flight-pipeline.py
[2026-03-03T22:44:28.148+0000] {processor.py:830} INFO - Processing file /opt/airflow/dags/flight-pipeline.py for tasks to queue
[2026-03-03T22:44:28.150+0000] {logging_mixin.py:188} INFO - [2026-03-03T22:44:28.150+0000] {dagbag.py:545} INFO - Filling up the DagBag from /opt/airflow/dags/flight-pipeline.py
[2026-03-03T22:44:28.816+0000] {processor.py:840} INFO - DAG(s) 'flights_ops_medallion_pipe' retrieved from /opt/airflow/dags/flight-pipeline.py
[2026-03-03T22:44:28.847+0000] {logging_mixin.py:188} INFO - [2026-03-03T22:44:28.847+0000] {dag.py:3089} INFO - Sync 1 DAGs
[2026-03-03T22:44:28.869+0000] {logging_mixin.py:188} INFO - [2026-03-03T22:44:28.869+0000] {dag.py:3947} INFO - Setting next_dagrun for flights_ops_medallion_pipe to 2026-03-03 22:30:00+00:00, run_after=2026-03-03 23:00:00+00:00
[2026-03-03T22:44:28.887+0000] {processor.py:183} INFO - Processing /opt/airflow/dags/flight-pipeline.py took 0.748 seconds
[2026-03-03T22:44:59.106+0000] {processor.py:161} INFO - Started process (PID=182) to work on /opt/airflow/dags/flight-pipeline.py
[2026-03-03T22:44:59.107+0000] {processor.py:830} INFO - Processing file /opt/airflow/dags/flight-pipeline.py for tasks to queue
[2026-03-03T22:44:59.109+0000] {logging_mixin.py:188} INFO - [2026-03-03T22:44:59.109+0000] {dagbag.py:545} INFO - Filling up the DagBag from /opt/airflow/dags/flight-pipeline.py
[2026-03-03T22:44:59.782+0000] {processor.py:840} INFO - DAG(s) 'flights_ops_medallion_pipe' retrieved from /opt/airflow/dags/flight-pipeline.py
[2026-03-03T22:44:59.813+0000] {logging_mixin.py:188} INFO - [2026-03-03T22:44:59.812+0000] {dag.py:3089} INFO - Sync 1 DAGs
[2026-03-03T22:44:59.834+0000] {logging_mixin.py:188} INFO - [2026-03-03T22:44:59.834+0000] {dag.py:3947} INFO - Setting next_dagrun for flights_ops_medallion_pipe to 2026-03-03 22:30:00+00:00, run_after=2026-03-03 23:00:00+00:00
[2026-03-03T22:44:59.852+0000] {processor.py:183} INFO - Processing /opt/airflow/dags/flight-pipeline.py took 0.754 seconds
[2026-03-03T22:45:30.083+0000] {processor.py:161} INFO - Started process (PID=185) to work on /opt/airflow/dags/flight-pipeline.py
[2026-03-03T22:45:30.084+0000] {processor.py:830} INFO - Processing file /opt/airflow/dags/flight-pipeline.py for tasks to queue
[2026-03-03T22:45:30.086+0000] {logging_mixin.py:188} INFO - [2026-03-03T22:45:30.086+0000] {dagbag.py:545} INFO - Filling up the DagBag from /opt/airflow/dags/flight-pipeline.py
[2026-03-03T22:45:30.816+0000] {processor.py:840} INFO - DAG(s) 'flights_ops_medallion_pipe' retrieved from /opt/airflow/dags/flight-pipeline.py
[2026-03-03T22:45:30.847+0000] {logging_mixin.py:188} INFO - [2026-03-03T22:45:30.846+0000] {dag.py:3089} INFO - Sync 1 DAGs
[2026-03-03T22:45:30.868+0000] {logging_mixin.py:188} INFO - [2026-03-03T22:45:30.868+0000] {dag.py:3947} INFO - Setting next_dagrun for flights_ops_medallion_pipe to 2026-03-03 22:30:00+00:00, run_after=2026-03-03 23:00:00+00:00
[2026-03-03T22:45:30.886+0000] {processor.py:183} INFO - Processing /opt/airflow/dags/flight-pipeline.py took 0.812 seconds
[2026-03-03T22:46:01.091+0000] {processor.py:161} INFO - Started process (PID=188) to work on /opt/airflow/dags/flight-pipeline.py
[2026-03-03T22:46:01.093+0000] {processor.py:830} INFO - Processing file /opt/airflow/dags/flight-pipeline.py for tasks to queue
[2026-03-03T22:46:01.095+0000] {logging_mixin.py:188} INFO - [2026-03-03T22:46:01.095+0000] {dagbag.py:545} INFO - Filling up the DagBag from /opt/airflow/dags/flight-pipeline.py
[2026-03-03T22:46:01.942+0000] {processor.py:840} INFO - DAG(s) 'flights_ops_medallion_pipe' retrieved from /opt/airflow/dags/flight-pipeline.py
[2026-03-03T22:46:01.976+0000] {logging_mixin.py:188} INFO - [2026-03-03T22:46:01.975+0000] {dag.py:3089} INFO - Sync 1 DAGs
[2026-03-03T22:46:01.998+0000] {logging_mixin.py:188} INFO - [2026-03-03T22:46:01.998+0000] {dag.py:3947} INFO - Setting next_dagrun for flights_ops_medallion_pipe to 2026-03-03 22:30:00+00:00, run_after=2026-03-03 23:00:00+00:00
[2026-03-03T22:46:02.017+0000] {processor.py:183} INFO - Processing /opt/airflow/dags/flight-pipeline.py took 0.934 seconds
[2026-03-03T22:46:32.227+0000] {processor.py:161} INFO - Started process (PID=191) to work on /opt/airflow/dags/flight-pipeline.py
[2026-03-03T22:46:32.228+0000] {processor.py:830} INFO - Processing file /opt/airflow/dags/flight-pipeline.py for tasks to queue
[2026-03-03T22:46:32.230+0000] {logging_mixin.py:188} INFO - [2026-03-03T22:46:32.230+0000] {dagbag.py:545} INFO - Filling up the DagBag from /opt/airflow/dags/flight-pipeline.py
[2026-03-03T22:46:33.033+0000] {processor.py:840} INFO - DAG(s) 'flights_ops_medallion_pipe' retrieved from /opt/airflow/dags/flight-pipeline.py
[2026-03-03T22:46:33.084+0000] {logging_mixin.py:188} INFO - [2026-03-03T22:46:33.084+0000] {dag.py:3089} INFO - Sync 1 DAGs
[2026-03-03T22:46:33.117+0000] {logging_mixin.py:188} INFO - [2026-03-03T22:46:33.116+0000] {dag.py:3947} INFO - Setting next_dagrun for flights_ops_medallion_pipe to 2026-03-03 22:30:00+00:00, run_after=2026-03-03 23:00:00+00:00
[2026-03-03T22:46:33.138+0000] {processor.py:183} INFO - Processing /opt/airflow/dags/flight-pipeline.py took 0.918 seconds
[2026-03-03T22:47:03.232+0000] {processor.py:161} INFO - Started process (PID=194) to work on /opt/airflow/dags/flight-pipeline.py
[2026-03-03T22:47:03.233+0000] {processor.py:830} INFO - Processing file /opt/airflow/dags/flight-pipeline.py for tasks to queue
[2026-03-03T22:47:03.236+0000] {logging_mixin.py:188} INFO - [2026-03-03T22:47:03.235+0000] {dagbag.py:545} INFO - Filling up the DagBag from /opt/airflow/dags/flight-pipeline.py
[2026-03-03T22:47:03.918+0000] {processor.py:840} INFO - DAG(s) 'flights_ops_medallion_pipe' retrieved from /opt/airflow/dags/flight-pipeline.py
[2026-03-03T22:47:03.949+0000] {logging_mixin.py:188} INFO - [2026-03-03T22:47:03.948+0000] {dag.py:3089} INFO - Sync 1 DAGs
[2026-03-03T22:47:03.972+0000] {logging_mixin.py:188} INFO - [2026-03-03T22:47:03.972+0000] {dag.py:3947} INFO - Setting next_dagrun for flights_ops_medallion_pipe to 2026-03-03 22:30:00+00:00, run_after=2026-03-03 23:00:00+00:00
[2026-03-03T22:47:03.990+0000] {processor.py:183} INFO - Processing /opt/airflow/dags/flight-pipeline.py took 0.766 seconds
[2026-03-03T22:47:34.223+0000] {processor.py:161} INFO - Started process (PID=197) to work on /opt/airflow/dags/flight-pipeline.py
[2026-03-03T22:47:34.224+0000] {processor.py:830} INFO - Processing file /opt/airflow/dags/flight-pipeline.py for tasks to queue
[2026-03-03T22:47:34.226+0000] {logging_mixin.py:188} INFO - [2026-03-03T22:47:34.226+0000] {dagbag.py:545} INFO - Filling up the DagBag from /opt/airflow/dags/flight-pipeline.py
[2026-03-03T22:47:34.891+0000] {processor.py:840} INFO - DAG(s) 'flights_ops_medallion_pipe' retrieved from /opt/airflow/dags/flight-pipeline.py
[2026-03-03T22:47:34.924+0000] {logging_mixin.py:188} INFO - [2026-03-03T22:47:34.924+0000] {dag.py:3089} INFO - Sync 1 DAGs
[2026-03-03T22:47:34.946+0000] {logging_mixin.py:188} INFO - [2026-03-03T22:47:34.946+0000] {dag.py:3947} INFO - Setting next_dagrun for flights_ops_medallion_pipe to 2026-03-03 22:30:00+00:00, run_after=2026-03-03 23:00:00+00:00
[2026-03-03T22:47:34.965+0000] {processor.py:183} INFO - Processing /opt/airflow/dags/flight-pipeline.py took 0.750 seconds
[2026-03-03T22:48:05.191+0000] {processor.py:161} INFO - Started process (PID=200) to work on /opt/airflow/dags/flight-pipeline.py
[2026-03-03T22:48:05.192+0000] {processor.py:830} INFO - Processing file /opt/airflow/dags/flight-pipeline.py for tasks to queue
[2026-03-03T22:48:05.195+0000] {logging_mixin.py:188} INFO - [2026-03-03T22:48:05.194+0000] {dagbag.py:545} INFO - Filling up the DagBag from /opt/airflow/dags/flight-pipeline.py
[2026-03-03T22:48:05.864+0000] {processor.py:840} INFO - DAG(s) 'flights_ops_medallion_pipe' retrieved from /opt/airflow/dags/flight-pipeline.py
[2026-03-03T22:48:05.895+0000] {logging_mixin.py:188} INFO - [2026-03-03T22:48:05.895+0000] {dag.py:3089} INFO - Sync 1 DAGs
[2026-03-03T22:48:05.917+0000] {logging_mixin.py:188} INFO - [2026-03-03T22:48:05.917+0000] {dag.py:3947} INFO - Setting next_dagrun for flights_ops_medallion_pipe to 2026-03-03 22:30:00+00:00, run_after=2026-03-03 23:00:00+00:00
[2026-03-03T22:48:05.935+0000] {processor.py:183} INFO - Processing /opt/airflow/dags/flight-pipeline.py took 0.752 seconds
[2026-03-03T22:48:36.135+0000] {processor.py:161} INFO - Started process (PID=203) to work on /opt/airflow/dags/flight-pipeline.py
[2026-03-03T22:48:36.149+0000] {processor.py:830} INFO - Processing file /opt/airflow/dags/flight-pipeline.py for tasks to queue
[2026-03-03T22:48:36.169+0000] {logging_mixin.py:188} INFO - [2026-03-03T22:48:36.168+0000] {dagbag.py:545} INFO - Filling up the DagBag from /opt/airflow/dags/flight-pipeline.py
[2026-03-03T22:48:36.899+0000] {processor.py:840} INFO - DAG(s) 'flights_ops_medallion_pipe' retrieved from /opt/airflow/dags/flight-pipeline.py
[2026-03-03T22:48:36.928+0000] {logging_mixin.py:188} INFO - [2026-03-03T22:48:36.928+0000] {dag.py:3089} INFO - Sync 1 DAGs
[2026-03-03T22:48:36.950+0000] {logging_mixin.py:188} INFO - [2026-03-03T22:48:36.950+0000] {dag.py:3947} INFO - Setting next_dagrun for flights_ops_medallion_pipe to 2026-03-03 22:30:00+00:00, run_after=2026-03-03 23:00:00+00:00
[2026-03-03T22:48:36.968+0000] {processor.py:183} INFO - Processing /opt/airflow/dags/flight-pipeline.py took 0.840 seconds
[2026-03-03T22:49:07.106+0000] {processor.py:161} INFO - Started process (PID=206) to work on /opt/airflow/dags/flight-pipeline.py
[2026-03-03T22:49:07.107+0000] {processor.py:830} INFO - Processing file /opt/airflow/dags/flight-pipeline.py for tasks to queue
[2026-03-03T22:49:07.110+0000] {logging_mixin.py:188} INFO - [2026-03-03T22:49:07.110+0000] {dagbag.py:545} INFO - Filling up the DagBag from /opt/airflow/dags/flight-pipeline.py
[2026-03-03T22:49:07.779+0000] {processor.py:840} INFO - DAG(s) 'flights_ops_medallion_pipe' retrieved from /opt/airflow/dags/flight-pipeline.py
[2026-03-03T22:49:07.813+0000] {logging_mixin.py:188} INFO - [2026-03-03T22:49:07.812+0000] {dag.py:3089} INFO - Sync 1 DAGs
[2026-03-03T22:49:07.836+0000] {logging_mixin.py:188} INFO - [2026-03-03T22:49:07.835+0000] {dag.py:3947} INFO - Setting next_dagrun for flights_ops_medallion_pipe to 2026-03-03 22:30:00+00:00, run_after=2026-03-03 23:00:00+00:00
[2026-03-03T22:49:07.855+0000] {processor.py:183} INFO - Processing /opt/airflow/dags/flight-pipeline.py took 0.757 seconds
[2026-03-03T22:49:38.096+0000] {processor.py:161} INFO - Started process (PID=209) to work on /opt/airflow/dags/flight-pipeline.py
[2026-03-03T22:49:38.097+0000] {processor.py:830} INFO - Processing file /opt/airflow/dags/flight-pipeline.py for tasks to queue
[2026-03-03T22:49:38.099+0000] {logging_mixin.py:188} INFO - [2026-03-03T22:49:38.099+0000] {dagbag.py:545} INFO - Filling up the DagBag from /opt/airflow/dags/flight-pipeline.py
[2026-03-03T22:49:38.753+0000] {processor.py:840} INFO - DAG(s) 'flights_ops_medallion_pipe' retrieved from /opt/airflow/dags/flight-pipeline.py
[2026-03-03T22:49:38.787+0000] {logging_mixin.py:188} INFO - [2026-03-03T22:49:38.786+0000] {dag.py:3089} INFO - Sync 1 DAGs
[2026-03-03T22:49:38.810+0000] {logging_mixin.py:188} INFO - [2026-03-03T22:49:38.809+0000] {dag.py:3947} INFO - Setting next_dagrun for flights_ops_medallion_pipe to 2026-03-03 22:30:00+00:00, run_after=2026-03-03 23:00:00+00:00
[2026-03-03T22:49:38.828+0000] {processor.py:183} INFO - Processing /opt/airflow/dags/flight-pipeline.py took 0.739 seconds
[2026-03-03T22:50:09.064+0000] {processor.py:161} INFO - Started process (PID=212) to work on /opt/airflow/dags/flight-pipeline.py
[2026-03-03T22:50:09.066+0000] {processor.py:830} INFO - Processing file /opt/airflow/dags/flight-pipeline.py for tasks to queue
[2026-03-03T22:50:09.069+0000] {logging_mixin.py:188} INFO - [2026-03-03T22:50:09.068+0000] {dagbag.py:545} INFO - Filling up the DagBag from /opt/airflow/dags/flight-pipeline.py
[2026-03-03T22:50:09.744+0000] {processor.py:840} INFO - DAG(s) 'flights_ops_medallion_pipe' retrieved from /opt/airflow/dags/flight-pipeline.py
[2026-03-03T22:50:09.776+0000] {logging_mixin.py:188} INFO - [2026-03-03T22:50:09.776+0000] {dag.py:3089} INFO - Sync 1 DAGs
[2026-03-03T22:50:09.799+0000] {logging_mixin.py:188} INFO - [2026-03-03T22:50:09.799+0000] {dag.py:3947} INFO - Setting next_dagrun for flights_ops_medallion_pipe to 2026-03-03 22:30:00+00:00, run_after=2026-03-03 23:00:00+00:00
[2026-03-03T22:50:09.819+0000] {processor.py:183} INFO - Processing /opt/airflow/dags/flight-pipeline.py took 0.763 seconds
[2026-03-03T22:50:40.031+0000] {processor.py:161} INFO - Started process (PID=215) to work on /opt/airflow/dags/flight-pipeline.py
[2026-03-03T22:50:40.033+0000] {processor.py:830} INFO - Processing file /opt/airflow/dags/flight-pipeline.py for tasks to queue
[2026-03-03T22:50:40.036+0000] {logging_mixin.py:188} INFO - [2026-03-03T22:50:40.036+0000] {dagbag.py:545} INFO - Filling up the DagBag from /opt/airflow/dags/flight-pipeline.py
[2026-03-03T22:50:40.727+0000] {processor.py:840} INFO - DAG(s) 'flights_ops_medallion_pipe' retrieved from /opt/airflow/dags/flight-pipeline.py
[2026-03-03T22:50:40.760+0000] {logging_mixin.py:188} INFO - [2026-03-03T22:50:40.760+0000] {dag.py:3089} INFO - Sync 1 DAGs
[2026-03-03T22:50:40.782+0000] {logging_mixin.py:188} INFO - [2026-03-03T22:50:40.782+0000] {dag.py:3947} INFO - Setting next_dagrun for flights_ops_medallion_pipe to 2026-03-03 22:30:00+00:00, run_after=2026-03-03 23:00:00+00:00
[2026-03-03T22:50:40.800+0000] {processor.py:183} INFO - Processing /opt/airflow/dags/flight-pipeline.py took 0.778 seconds
[2026-03-03T22:51:10.925+0000] {processor.py:161} INFO - Started process (PID=218) to work on /opt/airflow/dags/flight-pipeline.py
[2026-03-03T22:51:10.926+0000] {processor.py:830} INFO - Processing file /opt/airflow/dags/flight-pipeline.py for tasks to queue
[2026-03-03T22:51:10.929+0000] {logging_mixin.py:188} INFO - [2026-03-03T22:51:10.928+0000] {dagbag.py:545} INFO - Filling up the DagBag from /opt/airflow/dags/flight-pipeline.py
[2026-03-03T22:51:11.602+0000] {processor.py:840} INFO - DAG(s) 'flights_ops_medallion_pipe' retrieved from /opt/airflow/dags/flight-pipeline.py
[2026-03-03T22:51:11.634+0000] {logging_mixin.py:188} INFO - [2026-03-03T22:51:11.633+0000] {dag.py:3089} INFO - Sync 1 DAGs
[2026-03-03T22:51:11.655+0000] {logging_mixin.py:188} INFO - [2026-03-03T22:51:11.655+0000] {dag.py:3947} INFO - Setting next_dagrun for flights_ops_medallion_pipe to 2026-03-03 22:30:00+00:00, run_after=2026-03-03 23:00:00+00:00
[2026-03-03T22:51:11.673+0000] {processor.py:183} INFO - Processing /opt/airflow/dags/flight-pipeline.py took 0.756 seconds
[2026-03-03T22:51:41.913+0000] {processor.py:161} INFO - Started process (PID=221) to work on /opt/airflow/dags/flight-pipeline.py
[2026-03-03T22:51:41.914+0000] {processor.py:830} INFO - Processing file /opt/airflow/dags/flight-pipeline.py for tasks to queue
[2026-03-03T22:51:41.916+0000] {logging_mixin.py:188} INFO - [2026-03-03T22:51:41.916+0000] {dagbag.py:545} INFO - Filling up the DagBag from /opt/airflow/dags/flight-pipeline.py
[2026-03-03T22:51:42.607+0000] {processor.py:840} INFO - DAG(s) 'flights_ops_medallion_pipe' retrieved from /opt/airflow/dags/flight-pipeline.py
[2026-03-03T22:51:42.638+0000] {logging_mixin.py:188} INFO - [2026-03-03T22:51:42.637+0000] {dag.py:3089} INFO - Sync 1 DAGs
[2026-03-03T22:51:42.660+0000] {logging_mixin.py:188} INFO - [2026-03-03T22:51:42.660+0000] {dag.py:3947} INFO - Setting next_dagrun for flights_ops_medallion_pipe to 2026-03-03 22:30:00+00:00, run_after=2026-03-03 23:00:00+00:00
[2026-03-03T22:51:42.677+0000] {processor.py:183} INFO - Processing /opt/airflow/dags/flight-pipeline.py took 0.772 seconds
[2026-03-03T22:52:12.891+0000] {processor.py:161} INFO - Started process (PID=224) to work on /opt/airflow/dags/flight-pipeline.py
[2026-03-03T22:52:12.892+0000] {processor.py:830} INFO - Processing file /opt/airflow/dags/flight-pipeline.py for tasks to queue
[2026-03-03T22:52:12.895+0000] {logging_mixin.py:188} INFO - [2026-03-03T22:52:12.894+0000] {dagbag.py:545} INFO - Filling up the DagBag from /opt/airflow/dags/flight-pipeline.py
[2026-03-03T22:52:13.583+0000] {processor.py:840} INFO - DAG(s) 'flights_ops_medallion_pipe' retrieved from /opt/airflow/dags/flight-pipeline.py
[2026-03-03T22:52:13.615+0000] {logging_mixin.py:188} INFO - [2026-03-03T22:52:13.614+0000] {dag.py:3089} INFO - Sync 1 DAGs
[2026-03-03T22:52:13.637+0000] {logging_mixin.py:188} INFO - [2026-03-03T22:52:13.637+0000] {dag.py:3947} INFO - Setting next_dagrun for flights_ops_medallion_pipe to 2026-03-03 22:30:00+00:00, run_after=2026-03-03 23:00:00+00:00
[2026-03-03T22:52:13.657+0000] {processor.py:183} INFO - Processing /opt/airflow/dags/flight-pipeline.py took 0.774 seconds
[2026-03-03T22:52:43.857+0000] {processor.py:161} INFO - Started process (PID=227) to work on /opt/airflow/dags/flight-pipeline.py
[2026-03-03T22:52:43.858+0000] {processor.py:830} INFO - Processing file /opt/airflow/dags/flight-pipeline.py for tasks to queue
[2026-03-03T22:52:43.861+0000] {logging_mixin.py:188} INFO - [2026-03-03T22:52:43.860+0000] {dagbag.py:545} INFO - Filling up the DagBag from /opt/airflow/dags/flight-pipeline.py
[2026-03-03T22:52:44.689+0000] {processor.py:840} INFO - DAG(s) 'flights_ops_medallion_pipe' retrieved from /opt/airflow/dags/flight-pipeline.py
[2026-03-03T22:52:44.722+0000] {logging_mixin.py:188} INFO - [2026-03-03T22:52:44.722+0000] {dag.py:3089} INFO - Sync 1 DAGs
[2026-03-03T22:52:44.747+0000] {logging_mixin.py:188} INFO - [2026-03-03T22:52:44.747+0000] {dag.py:3947} INFO - Setting next_dagrun for flights_ops_medallion_pipe to 2026-03-03 22:30:00+00:00, run_after=2026-03-03 23:00:00+00:00
[2026-03-03T22:52:44.765+0000] {processor.py:183} INFO - Processing /opt/airflow/dags/flight-pipeline.py took 0.916 seconds
[2026-03-03T22:53:14.941+0000] {processor.py:161} INFO - Started process (PID=230) to work on /opt/airflow/dags/flight-pipeline.py
[2026-03-03T22:53:14.943+0000] {processor.py:830} INFO - Processing file /opt/airflow/dags/flight-pipeline.py for tasks to queue
[2026-03-03T22:53:14.946+0000] {logging_mixin.py:188} INFO - [2026-03-03T22:53:14.946+0000] {dagbag.py:545} INFO - Filling up the DagBag from /opt/airflow/dags/flight-pipeline.py
